2018-09-29 21:33:29main函数开始执行
  three.Abnormal.main(Abnormal.java:10)
2018-09-29 21:33:55main函数开始执行
  three.Abnormal.main(Abnormal.java:10)
2018-09-29 21:34:00出现异常：{}
  three.Abnormal.main(Abnormal.java:27)
java.util.InputMismatchException
	at java.util.Scanner.throwFor(Unknown Source)
	at java.util.Scanner.next(Unknown Source)
	at java.util.Scanner.nextInt(Unknown Source)
	at java.util.Scanner.nextInt(Unknown Source)
	at three.Abnormal.main(Abnormal.java:14)
2018-09-29 21:37:10main函数开始执行
  three.Abnormal.main(Abnormal.java:11)
2018-09-29 21:37:10main函数开始执行
  three.Abnormal.main(Abnormal.java:12)
2018-09-29 21:37:10main函数开始执行
  three.Abnormal.main(Abnormal.java:13)
2018-09-29 21:37:10main函数开始执行
  three.Abnormal.main(Abnormal.java:14)
2018-09-29 21:39:01main函数开始执行
  three.Abnormal.main(Abnormal.java:11)
2018-09-29 21:39:01main函数开始执行
  three.Abnormal.main(Abnormal.java:12)
2018-09-29 21:39:01main函数开始执行
  three.Abnormal.main(Abnormal.java:13)
2018-09-29 21:39:01main函数开始执行
  three.Abnormal.main(Abnormal.java:14)
2018-09-29 21:39:05出现异常：{}
  three.Abnormal.main(Abnormal.java:31)
java.util.InputMismatchException
	at java.util.Scanner.throwFor(Unknown Source)
	at java.util.Scanner.next(Unknown Source)
	at java.util.Scanner.nextInt(Unknown Source)
	at java.util.Scanner.nextInt(Unknown Source)
	at three.Abnormal.main(Abnormal.java:18)
2018-09-29 22:46:38main函数开始执行
  three.Abnormal.main(Abnormal.java:12)
2018-09-29 22:46:38main函数开始执行
  three.Abnormal.main(Abnormal.java:13)
2018-09-29 22:46:38main函数开始执行
  three.Abnormal.main(Abnormal.java:14)
2018-09-29 22:46:38main函数开始执行
  three.Abnormal.main(Abnormal.java:15)
2018-09-29 22:46:44出现异常：{}
  three.Abnormal.main(Abnormal.java:32)
java.util.InputMismatchException
	at java.util.Scanner.throwFor(Unknown Source)
	at java.util.Scanner.next(Unknown Source)
	at java.util.Scanner.nextInt(Unknown Source)
	at java.util.Scanner.nextInt(Unknown Source)
	at three.Abnormal.main(Abnormal.java:19)
2018-09-29 22:52:49main函数开始执行
  three.Abnormal.main(Abnormal.java:12)
2018-09-29 22:52:49main函数开始执行
  three.Abnormal.main(Abnormal.java:13)
2018-09-29 22:52:49main函数开始执行
  three.Abnormal.main(Abnormal.java:14)
2018-09-29 22:52:49main函数开始执行
  three.Abnormal.main(Abnormal.java:15)
